2020-03-05 11:04:32 | [INFO]    | Discordia 2.8.0
2020-03-05 11:04:32 | [INFO]    | Connecting to Discord...
2020-03-05 11:04:34 | [ERROR]   | 401 - Unauthorized : GET https://discordapp.com/api/v7/users/@me
2020-03-05 11:04:34 | [ERROR]   | Could not authenticate, check token: HTTP Error 0 : 401: Unauthorized
2020-03-05 11:05:04 | [INFO]    | Discordia 2.8.0
2020-03-05 11:05:04 | [INFO]    | Connecting to Discord...
2020-03-05 11:05:04 | [ERROR]   | 401 - Unauthorized : GET https://discordapp.com/api/v7/users/@me
2020-03-05 11:05:04 | [ERROR]   | Could not authenticate, check token: HTTP Error 0 : 401: Unauthorized
2020-03-05 11:05:22 | [INFO]    | Discordia 2.8.0
2020-03-05 11:05:22 | [INFO]    | Connecting to Discord...
2020-03-05 11:05:25 | [ERROR]   | 401 - Unauthorized : GET https://discordapp.com/api/v7/users/@me
2020-03-05 11:05:25 | [ERROR]   | Could not authenticate, check token: HTTP Error 0 : 401: Unauthorized
2020-03-05 11:06:32 | [INFO]    | Discordia 2.8.0
2020-03-05 11:06:32 | [INFO]    | Connecting to Discord...
2020-03-05 11:06:32 | [INFO]    | Authenticated as Cubic-Bot#5652
2020-03-05 11:06:32 | [INFO]    | Launching shard 0 (1 out of 1)...
2020-03-05 11:06:33 | [INFO]    | Shard 0 : Connected to wss://gateway.discord.gg
2020-03-05 11:06:33 | [INFO]    | Shard 0 : Received HELLO
2020-03-05 11:06:33 | [INFO]    | Shard 0 : Received READY
2020-03-05 11:12:16 | [WARNING] | Shard 0 : Unhandled gateway event: INVITE_CREATE
2020-03-09 12:07:10 | [INFO]    | Discordia 2.8.0
2020-03-09 12:07:10 | [INFO]    | Connecting to Discord...
2020-03-09 12:07:10 | [INFO]    | Authenticated as Cuby#5652
2020-03-09 12:07:10 | [INFO]    | Launching shard 0 (1 out of 1)...
2020-03-09 12:07:10 | [INFO]    | Shard 0 : Connected to wss://gateway.discord.gg
2020-03-09 12:07:10 | [INFO]    | Shard 0 : Received HELLO
2020-03-09 12:07:11 | [INFO]    | Shard 0 : Received READY
2020-06-09 12:14:28 | [INFO]    | Discordia 2.8.0
2020-06-09 12:14:28 | [INFO]    | Connecting to Discord...
2020-06-09 12:14:29 | [INFO]    | Authenticated as Cuby#5652
2020-06-09 12:14:29 | [INFO]    | Launching shard 0 (1 out of 1)...
2020-06-09 12:14:30 | [INFO]    | Shard 0 : Connected to wss://gateway.discord.gg
2020-06-09 12:14:30 | [INFO]    | Shard 0 : Received HELLO
2020-06-09 12:14:30 | [INFO]    | Shard 0 : Received READY
2020-06-09 12:18:23 | [INFO]    | Discordia 2.8.0
2020-06-09 12:18:23 | [INFO]    | Connecting to Discord...
2020-06-09 12:18:23 | [INFO]    | Authenticated as Cuby#5652
2020-06-09 12:18:23 | [INFO]    | Launching shard 0 (1 out of 1)...
2020-06-09 12:18:24 | [INFO]    | Shard 0 : Connected to wss://gateway.discord.gg
2020-06-09 12:18:24 | [INFO]    | Shard 0 : Received HELLO
2020-06-09 12:18:24 | [INFO]    | Shard 0 : Received READY
2020-06-10 07:42:21 | [INFO]    | Discordia 2.8.0
2020-06-10 07:42:21 | [INFO]    | Connecting to Discord...
2020-06-10 07:42:21 | [INFO]    | Authenticated as Cuby#5652
2020-06-10 07:42:21 | [INFO]    | Launching shard 0 (1 out of 1)...
2020-06-10 07:42:22 | [INFO]    | Shard 0 : Connected to wss://gateway.discord.gg
2020-06-10 07:42:22 | [INFO]    | Shard 0 : Received HELLO
2020-06-10 07:42:22 | [INFO]    | Shard 0 : Received READY
2020-06-10 07:58:50 | [INFO]    | Discordia 2.8.0
2020-06-10 07:58:50 | [INFO]    | Connecting to Discord...
2020-06-10 07:58:50 | [INFO]    | Authenticated as Cuby#5652
2020-06-10 07:58:50 | [INFO]    | Launching shard 0 (1 out of 1)...
2020-06-10 07:58:50 | [INFO]    | Shard 0 : Connected to wss://gateway.discord.gg
2020-06-10 07:58:50 | [INFO]    | Shard 0 : Received HELLO
2020-06-10 07:58:51 | [INFO]    | Shard 0 : Received READY
2020-06-10 08:18:07 | [INFO]    | Discordia 2.8.0
2020-06-10 08:18:07 | [INFO]    | Connecting to Discord...
2020-06-10 08:18:08 | [INFO]    | Authenticated as Cuby#5652
2020-06-10 08:18:08 | [INFO]    | Launching shard 0 (1 out of 1)...
2020-06-10 08:18:08 | [INFO]    | Shard 0 : Connected to wss://gateway.discord.gg
2020-06-10 08:18:08 | [INFO]    | Shard 0 : Received HELLO
2020-06-10 08:18:08 | [INFO]    | Shard 0 : Received READY
2020-06-10 08:18:28 | [INFO]    | Discordia 2.8.0
2020-06-10 08:18:28 | [INFO]    | Connecting to Discord...
2020-06-10 08:18:28 | [INFO]    | Authenticated as Cuby#5652
2020-06-10 08:18:28 | [INFO]    | Launching shard 0 (1 out of 1)...
2020-06-10 08:18:29 | [INFO]    | Shard 0 : Connected to wss://gateway.discord.gg
2020-06-10 08:18:29 | [INFO]    | Shard 0 : Received HELLO
2020-06-10 08:18:29 | [INFO]    | Shard 0 : Received READY
2020-06-10 08:19:28 | [INFO]    | Discordia 2.8.0
2020-06-10 08:19:28 | [INFO]    | Connecting to Discord...
2020-06-10 08:19:29 | [INFO]    | Authenticated as Cuby#5652
2020-06-10 08:19:29 | [INFO]    | Launching shard 0 (1 out of 1)...
2020-06-10 08:19:29 | [INFO]    | Shard 0 : Connected to wss://gateway.discord.gg
2020-06-10 08:19:29 | [INFO]    | Shard 0 : Received HELLO
2020-06-10 08:19:29 | [INFO]    | Shard 0 : Received READY
2020-06-10 08:19:47 | [INFO]    | Discordia 2.8.0
2020-06-10 08:19:47 | [INFO]    | Connecting to Discord...
2020-06-10 08:19:47 | [INFO]    | Authenticated as Cuby#5652
2020-06-10 08:19:47 | [INFO]    | Launching shard 0 (1 out of 1)...
2020-06-10 08:19:47 | [INFO]    | Shard 0 : Connected to wss://gateway.discord.gg
2020-06-10 08:19:47 | [INFO]    | Shard 0 : Received HELLO
2020-06-10 08:19:47 | [INFO]    | Shard 0 : Received READY
2020-06-10 08:45:24 | [INFO]    | Discordia 2.8.0
2020-06-10 08:45:24 | [INFO]    | Connecting to Discord...
2020-06-10 08:45:25 | [INFO]    | Authenticated as Cuby#5652
2020-06-10 08:45:25 | [INFO]    | Launching shard 0 (1 out of 1)...
2020-06-10 08:45:25 | [INFO]    | Shard 0 : Connected to wss://gateway.discord.gg
2020-06-10 08:45:25 | [INFO]    | Shard 0 : Received HELLO
2020-06-10 08:45:25 | [INFO]    | Shard 0 : Received READY
2020-06-10 08:45:45 | [INFO]    | Discordia 2.8.0
2020-06-10 08:45:45 | [INFO]    | Connecting to Discord...
2020-06-10 08:45:45 | [INFO]    | Authenticated as Cuby#5652
2020-06-10 08:45:45 | [INFO]    | Launching shard 0 (1 out of 1)...
2020-06-10 08:45:46 | [INFO]    | Shard 0 : Connected to wss://gateway.discord.gg
2020-06-10 08:45:46 | [INFO]    | Shard 0 : Received HELLO
2020-06-10 08:45:46 | [INFO]    | Shard 0 : Received READY
2020-06-10 08:50:06 | [INFO]    | Shard 0 : Disconnected
2020-06-10 08:50:06 | [INFO]    | Shard 0 : Reconnecting after 1091 ms...
2020-06-10 08:50:08 | [INFO]    | Shard 0 : Connected to wss://gateway.discord.gg
2020-06-10 08:50:08 | [INFO]    | Shard 0 : Received HELLO
2020-06-10 08:50:08 | [INFO]    | Shard 0 : Received RESUMED
2020-06-10 09:04:16 | [INFO]    | Shard 0 : Disconnected
2020-06-10 09:04:16 | [INFO]    | Shard 0 : Reconnecting after 1034 ms...
2020-06-10 09:04:18 | [INFO]    | Shard 0 : Connected to wss://gateway.discord.gg
2020-06-10 09:04:18 | [INFO]    | Shard 0 : Received HELLO
2020-06-10 09:04:18 | [INFO]    | Shard 0 : Session invalidated, re-identifying...
2020-06-10 09:04:19 | [INFO]    | Shard 0 : Received READY
2020-06-10 09:58:04 | [WARNING] | Shard 0 : Discord has requested a reconnection
2020-06-10 09:58:04 | [INFO]    | Shard 0 : Disconnected
2020-06-10 09:58:04 | [INFO]    | Shard 0 : Reconnecting...
2020-06-10 09:58:04 | [INFO]    | Shard 0 : Connected to wss://gateway.discord.gg
2020-06-10 09:58:04 | [INFO]    | Shard 0 : Received HELLO
2020-06-10 09:58:04 | [INFO]    | Shard 0 : Received READY
2020-06-10 11:56:05 | [INFO]    | Discordia 2.8.0
2020-06-10 11:56:05 | [INFO]    | Connecting to Discord...
2020-06-10 11:56:05 | [INFO]    | Authenticated as Cuby#5652
2020-06-10 11:56:06 | [INFO]    | Launching shard 0 (1 out of 1)...
2020-06-10 11:56:06 | [INFO]    | Shard 0 : Connected to wss://gateway.discord.gg
2020-06-10 11:56:06 | [INFO]    | Shard 0 : Received HELLO
2020-06-10 11:56:06 | [INFO]    | Shard 0 : Received READY
2020-06-10 11:57:10 | [INFO]    | Shard 0 : Disconnected
2020-06-10 11:57:10 | [INFO]    | Shard 0 : Reconnecting after 987 ms...
2020-06-10 11:57:12 | [INFO]    | Shard 0 : Connected to wss://gateway.discord.gg
2020-06-10 11:57:12 | [INFO]    | Shard 0 : Received HELLO
2020-06-10 11:57:12 | [INFO]    | Shard 0 : Received RESUMED
2020-06-10 12:35:41 | [INFO]    | Shard 0 : Disconnected
2020-06-10 12:35:41 | [INFO]    | Shard 0 : Reconnecting after 967 ms...
2020-06-10 12:35:43 | [INFO]    | Shard 0 : Connected to wss://gateway.discord.gg
2020-06-10 12:35:43 | [INFO]    | Shard 0 : Received HELLO
2020-06-10 12:35:43 | [INFO]    | Shard 0 : Session invalidated, re-identifying...
2020-06-10 12:35:46 | [INFO]    | Shard 0 : Received READY
2020-06-10 12:38:09 | [INFO]    | Shard 0 : Disconnected
2020-06-10 12:38:09 | [INFO]    | Shard 0 : Reconnecting after 1008 ms...
2020-06-10 12:38:10 | [INFO]    | Shard 0 : Connected to wss://gateway.discord.gg
2020-06-10 12:38:10 | [INFO]    | Shard 0 : Received HELLO
2020-06-10 12:38:10 | [INFO]    | Shard 0 : Received RESUMED
2020-06-10 13:20:01 | [INFO]    | Shard 0 : Disconnected
2020-06-10 13:20:01 | [INFO]    | Shard 0 : Reconnecting after 973 ms...
2020-06-10 13:20:02 | [INFO]    | Shard 0 : Connected to wss://gateway.discord.gg
2020-06-10 13:20:02 | [INFO]    | Shard 0 : Received HELLO
2020-06-10 13:20:02 | [INFO]    | Shard 0 : Session invalidated, re-identifying...
2020-06-10 13:20:07 | [INFO]    | Shard 0 : Received READY
2020-06-10 13:53:05 | [INFO]    | Shard 0 : Disconnected
2020-06-10 13:53:05 | [INFO]    | Shard 0 : Reconnecting after 921 ms...
2020-06-10 13:53:06 | [INFO]    | Shard 0 : Connected to wss://gateway.discord.gg
2020-06-10 13:53:06 | [INFO]    | Shard 0 : Received HELLO
2020-06-10 13:53:06 | [INFO]    | Shard 0 : Session invalidated, re-identifying...
2020-06-10 13:53:08 | [INFO]    | Shard 0 : Received READY
2020-06-10 14:29:24 | [INFO]    | Shard 0 : Disconnected
2020-06-10 14:29:24 | [INFO]    | Shard 0 : Reconnecting after 1019 ms...
2020-06-10 14:29:26 | [INFO]    | Shard 0 : Connected to wss://gateway.discord.gg
2020-06-10 14:29:26 | [INFO]    | Shard 0 : Received HELLO
2020-06-10 14:29:26 | [INFO]    | Shard 0 : Session invalidated, re-identifying...
2020-06-10 14:29:30 | [INFO]    | Shard 0 : Received READY
2020-06-10 14:55:31 | [INFO]    | Shard 0 : Disconnected
2020-06-10 14:55:31 | [INFO]    | Shard 0 : Reconnecting after 923 ms...
2020-06-10 14:55:33 | [INFO]    | Shard 0 : Connected to wss://gateway.discord.gg
2020-06-10 14:55:33 | [INFO]    | Shard 0 : Received HELLO
2020-06-10 14:55:34 | [INFO]    | Shard 0 : Session invalidated, re-identifying...
2020-06-10 14:55:38 | [INFO]    | Shard 0 : Received READY
2020-06-11 07:43:28 | [INFO]    | Shard 0 : Disconnected
2020-06-11 07:43:28 | [INFO]    | Shard 0 : Reconnecting after 949 ms...
2020-06-11 07:43:27 | [INFO]    | Shard 0 : Connected to wss://gateway.discord.gg
2020-06-11 07:43:27 | [INFO]    | Shard 0 : Received HELLO
2020-06-11 07:43:27 | [INFO]    | Shard 0 : Session invalidated, re-identifying...
2020-06-11 07:43:29 | [INFO]    | Shard 0 : Received READY
2020-06-11 08:29:12 | [WARNING] | Shard 0 : Discord has requested a reconnection
2020-06-11 08:29:12 | [INFO]    | Shard 0 : Disconnected
2020-06-11 08:29:12 | [INFO]    | Shard 0 : Reconnecting...
2020-06-11 08:29:12 | [INFO]    | Shard 0 : Connected to wss://gateway.discord.gg
2020-06-11 08:29:12 | [INFO]    | Shard 0 : Received HELLO
2020-06-11 08:29:12 | [INFO]    | Shard 0 : Received READY
2020-06-11 09:23:57 | [INFO]    | Discordia 2.8.0
2020-06-11 09:23:57 | [INFO]    | Connecting to Discord...
2020-06-11 09:23:57 | [INFO]    | Authenticated as Cuby#5652
2020-06-11 09:23:57 | [INFO]    | Launching shard 0 (1 out of 1)...
2020-06-11 09:23:58 | [INFO]    | Shard 0 : Connected to wss://gateway.discord.gg
2020-06-11 09:23:58 | [INFO]    | Shard 0 : Received HELLO
2020-06-11 09:23:58 | [INFO]    | Shard 0 : Received READY
2020-06-11 09:24:26 | [INFO]    | Discordia 2.8.0
2020-06-11 09:24:26 | [INFO]    | Connecting to Discord...
2020-06-11 09:24:26 | [INFO]    | Authenticated as Cuby#5652
2020-06-11 09:24:26 | [INFO]    | Launching shard 0 (1 out of 1)...
2020-06-11 09:24:26 | [INFO]    | Shard 0 : Connected to wss://gateway.discord.gg
2020-06-11 09:24:26 | [INFO]    | Shard 0 : Received HELLO
2020-06-11 09:24:26 | [INFO]    | Shard 0 : Received READY
2020-06-11 09:24:45 | [INFO]    | Discordia 2.8.0
2020-06-11 09:24:45 | [INFO]    | Connecting to Discord...
2020-06-11 09:24:45 | [INFO]    | Authenticated as Cuby#5652
2020-06-11 09:24:45 | [INFO]    | Launching shard 0 (1 out of 1)...
2020-06-11 09:24:46 | [INFO]    | Shard 0 : Connected to wss://gateway.discord.gg
2020-06-11 09:24:46 | [INFO]    | Shard 0 : Received HELLO
2020-06-11 09:24:46 | [INFO]    | Shard 0 : Received READY
2020-06-11 09:47:49 | [INFO]    | Discordia 2.8.0
2020-06-11 09:47:49 | [INFO]    | Connecting to Discord...
2020-06-11 09:47:50 | [INFO]    | Authenticated as Cuby#5652
2020-06-11 09:47:50 | [INFO]    | Launching shard 0 (1 out of 1)...
2020-06-11 09:47:50 | [INFO]    | Shard 0 : Connected to wss://gateway.discord.gg
2020-06-11 09:47:50 | [INFO]    | Shard 0 : Received HELLO
2020-06-11 09:47:50 | [INFO]    | Shard 0 : Received READY
2020-06-11 10:10:19 | [INFO]    | Discordia 2.8.0
2020-06-11 10:10:19 | [INFO]    | Connecting to Discord...
2020-06-11 10:10:19 | [INFO]    | Authenticated as Cuby#5652
2020-06-11 10:10:19 | [INFO]    | Launching shard 0 (1 out of 1)...
2020-06-11 10:10:19 | [INFO]    | Shard 0 : Connected to wss://gateway.discord.gg
2020-06-11 10:10:19 | [INFO]    | Shard 0 : Received HELLO
2020-06-11 10:10:19 | [INFO]    | Shard 0 : Received READY
2020-06-11 10:23:34 | [INFO]    | Discordia 2.8.0
2020-06-11 10:23:34 | [INFO]    | Connecting to Discord...
2020-06-11 10:23:35 | [INFO]    | Authenticated as Cuby#5652
2020-06-11 10:23:35 | [INFO]    | Launching shard 0 (1 out of 1)...
2020-06-11 10:23:35 | [INFO]    | Shard 0 : Connected to wss://gateway.discord.gg
2020-06-11 10:23:35 | [INFO]    | Shard 0 : Received HELLO
2020-06-11 10:23:35 | [INFO]    | Shard 0 : Received READY
2020-06-11 10:23:58 | [INFO]    | Discordia 2.8.0
2020-06-11 10:23:58 | [INFO]    | Connecting to Discord...
2020-06-11 10:23:58 | [INFO]    | Authenticated as Cuby#5652
2020-06-11 10:23:59 | [INFO]    | Launching shard 0 (1 out of 1)...
2020-06-11 10:23:59 | [INFO]    | Shard 0 : Connected to wss://gateway.discord.gg
2020-06-11 10:23:59 | [INFO]    | Shard 0 : Received HELLO
2020-06-11 10:23:59 | [INFO]    | Shard 0 : Received READY
2020-06-11 10:24:13 | [INFO]    | Discordia 2.8.0
2020-06-11 10:24:13 | [INFO]    | Connecting to Discord...
2020-06-11 10:24:13 | [INFO]    | Authenticated as Cuby#5652
2020-06-11 10:24:13 | [INFO]    | Launching shard 0 (1 out of 1)...
2020-06-11 10:24:14 | [INFO]    | Shard 0 : Connected to wss://gateway.discord.gg
2020-06-11 10:24:14 | [INFO]    | Shard 0 : Received HELLO
2020-06-11 10:24:14 | [INFO]    | Shard 0 : Received READY
2020-06-11 10:39:09 | [INFO]    | Discordia 2.8.0
2020-06-11 10:39:09 | [INFO]    | Connecting to Discord...
2020-06-11 10:39:09 | [INFO]    | Authenticated as Cuby#5652
2020-06-11 10:39:09 | [INFO]    | Launching shard 0 (1 out of 1)...
2020-06-11 10:39:10 | [INFO]    | Shard 0 : Connected to wss://gateway.discord.gg
2020-06-11 10:39:10 | [INFO]    | Shard 0 : Received HELLO
2020-06-11 10:39:10 | [INFO]    | Shard 0 : Received READY
2020-06-11 10:54:04 | [INFO]    | Discordia 2.8.0
2020-06-11 10:54:04 | [INFO]    | Connecting to Discord...
2020-06-11 10:54:04 | [INFO]    | Authenticated as Cuby#5652
2020-06-11 10:54:04 | [INFO]    | Launching shard 0 (1 out of 1)...
2020-06-11 10:54:05 | [INFO]    | Shard 0 : Connected to wss://gateway.discord.gg
2020-06-11 10:54:05 | [INFO]    | Shard 0 : Received HELLO
2020-06-11 10:54:05 | [INFO]    | Shard 0 : Received READY
2020-06-11 10:59:09 | [WARNING] | Shard 0 : 1000 - Connection closed
2020-06-11 10:59:09 | [INFO]    | Shard 0 : Disconnected
2020-06-11 10:59:09 | [INFO]    | Shard 0 : Reconnecting after 997 ms...
2020-06-11 10:59:11 | [INFO]    | Shard 0 : Connected to wss://gateway.discord.gg
2020-06-11 10:59:11 | [INFO]    | Shard 0 : Received HELLO
2020-06-11 10:59:11 | [INFO]    | Shard 0 : Received RESUMED
2020-06-11 13:10:58 | [INFO]    | Discordia 2.8.0
2020-06-11 13:10:58 | [INFO]    | Connecting to Discord...
2020-06-11 13:10:59 | [INFO]    | Authenticated as Cuby#5652
2020-06-11 13:10:59 | [INFO]    | Launching shard 0 (1 out of 1)...
2020-06-11 13:11:00 | [INFO]    | Shard 0 : Connected to wss://gateway.discord.gg
2020-06-11 13:11:00 | [INFO]    | Shard 0 : Received HELLO
2020-06-11 13:11:00 | [INFO]    | Shard 0 : Received READY
2020-06-11 13:11:16 | [INFO]    | Discordia 2.8.0
2020-06-11 13:11:16 | [INFO]    | Connecting to Discord...
2020-06-11 13:11:17 | [INFO]    | Authenticated as Cuby#5652
2020-06-11 13:11:17 | [INFO]    | Launching shard 0 (1 out of 1)...
2020-06-11 13:11:17 | [INFO]    | Shard 0 : Connected to wss://gateway.discord.gg
2020-06-11 13:11:17 | [INFO]    | Shard 0 : Received HELLO
2020-06-11 13:11:17 | [INFO]    | Shard 0 : Received READY
2020-06-11 13:31:58 | [INFO]    | Discordia 2.8.0
2020-06-11 13:31:58 | [INFO]    | Connecting to Discord...
2020-06-11 13:31:59 | [INFO]    | Authenticated as Cuby#5652
2020-06-11 13:31:59 | [INFO]    | Launching shard 0 (1 out of 1)...
2020-06-11 13:31:59 | [INFO]    | Shard 0 : Connected to wss://gateway.discord.gg
2020-06-11 13:31:59 | [INFO]    | Shard 0 : Received HELLO
2020-06-11 13:31:59 | [INFO]    | Shard 0 : Received READY
2020-06-11 13:32:48 | [INFO]    | Discordia 2.8.0
2020-06-11 13:32:48 | [INFO]    | Connecting to Discord...
2020-06-11 13:32:48 | [INFO]    | Authenticated as Cuby#5652
2020-06-11 13:32:48 | [INFO]    | Launching shard 0 (1 out of 1)...
2020-06-11 13:32:49 | [INFO]    | Shard 0 : Connected to wss://gateway.discord.gg
2020-06-11 13:32:49 | [INFO]    | Shard 0 : Received HELLO
2020-06-11 13:32:49 | [INFO]    | Shard 0 : Received READY
2020-06-11 13:33:05 | [INFO]    | Discordia 2.8.0
2020-06-11 13:33:05 | [INFO]    | Connecting to Discord...
2020-06-11 13:33:05 | [INFO]    | Authenticated as Cuby#5652
2020-06-11 13:33:05 | [INFO]    | Launching shard 0 (1 out of 1)...
2020-06-11 13:33:06 | [INFO]    | Shard 0 : Connected to wss://gateway.discord.gg
2020-06-11 13:33:06 | [INFO]    | Shard 0 : Received HELLO
2020-06-11 13:33:06 | [INFO]    | Shard 0 : Received READY
2020-06-11 13:34:36 | [INFO]    | Discordia 2.8.0
2020-06-11 13:34:36 | [INFO]    | Connecting to Discord...
2020-06-11 13:34:36 | [INFO]    | Authenticated as Cuby#5652
2020-06-11 13:34:36 | [INFO]    | Launching shard 0 (1 out of 1)...
2020-06-11 13:34:36 | [INFO]    | Shard 0 : Connected to wss://gateway.discord.gg
2020-06-11 13:34:36 | [INFO]    | Shard 0 : Received HELLO
2020-06-11 13:34:37 | [INFO]    | Shard 0 : Received READY
2020-06-11 13:35:08 | [INFO]    | Discordia 2.8.0
2020-06-11 13:35:08 | [INFO]    | Connecting to Discord...
2020-06-11 13:35:08 | [INFO]    | Authenticated as Cuby#5652
2020-06-11 13:35:08 | [INFO]    | Launching shard 0 (1 out of 1)...
2020-06-11 13:35:08 | [INFO]    | Shard 0 : Connected to wss://gateway.discord.gg
2020-06-11 13:35:08 | [INFO]    | Shard 0 : Received HELLO
2020-06-11 13:35:08 | [INFO]    | Shard 0 : Received READY
2020-06-11 13:35:26 | [INFO]    | Discordia 2.8.0
2020-06-11 13:35:26 | [INFO]    | Connecting to Discord...
2020-06-11 13:35:27 | [INFO]    | Authenticated as Cuby#5652
2020-06-11 13:35:27 | [INFO]    | Launching shard 0 (1 out of 1)...
2020-06-11 13:35:27 | [INFO]    | Shard 0 : Connected to wss://gateway.discord.gg
2020-06-11 13:35:27 | [INFO]    | Shard 0 : Received HELLO
2020-06-11 13:35:27 | [INFO]    | Shard 0 : Received READY
